<?xml version="1.0" encoding="UTF-8"?>
<testng-results skipped="0" failed="1" total="2" passed="1">
  <reporter-output>
  </reporter-output>
  <suite name="Suite" duration-ms="38718" started-at="2021-04-02T04:34:22Z" finished-at="2021-04-02T04:35:01Z">
    <groups>
    </groups>
    <test name="Test" duration-ms="38718" started-at="2021-04-02T04:34:22Z" finished-at="2021-04-02T04:35:01Z">
      <class name="testngrecap.paracticeTNG2">
        <test-method status="PASS" signature="setup()[pri:0, instance:testngrecap.paracticeTNG2@c038203]" name="setup" is-config="true" duration-ms="3243" started-at="2021-04-02T00:34:45Z" finished-at="2021-04-02T00:34:48Z">
          <reporter-output>
          </reporter-output>
        </test-method> <!-- setup -->
        <test-method status="PASS" signature="clickOnSell()[pri:0, instance:testngrecap.paracticeTNG2@c038203]" name="clickOnSell" duration-ms="6654" started-at="2021-04-02T00:34:48Z" finished-at="2021-04-02T00:34:55Z">
          <reporter-output>
          </reporter-output>
        </test-method> <!-- clickOnSell -->
        <test-method status="PASS" signature="tearDown()[pri:0, instance:testngrecap.paracticeTNG2@c038203]" name="tearDown" is-config="true" duration-ms="6238" started-at="2021-04-02T00:34:55Z" finished-at="2021-04-02T00:35:01Z">
          <reporter-output>
          </reporter-output>
        </test-method> <!-- tearDown -->
      </class> <!-- testngrecap.paracticeTNG2 -->
      <class name="testngrecap.paracticeTNG1">
        <test-method status="PASS" signature="setup()[pri:0, instance:testngrecap.paracticeTNG1@29ee9faa]" name="setup" is-config="true" duration-ms="4128" started-at="2021-04-02T00:34:22Z" finished-at="2021-04-02T00:34:26Z">
          <reporter-output>
          </reporter-output>
        </test-method> <!-- setup -->
        <test-method status="FAIL" signature="checkIphonePrice()[pri:0, instance:testngrecap.paracticeTNG1@29ee9faa]" name="checkIphonePrice" duration-ms="11933" started-at="2021-04-02T00:34:26Z" finished-at="2021-04-02T00:34:38Z">
          <exception class="java.lang.AssertionError">
            <message>
              <![CDATA[The following asserts failed:
	expected [509.00] but found [673.99]]]>
            </message>
            <full-stacktrace>
              <![CDATA[java.lang.AssertionError: The following asserts failed:
	expected [509.00] but found [673.99]
	at org.testng.asserts.SoftAssert.assertAll(SoftAssert.java:43)
	at testngrecap.paracticeTNG1.checkIphonePrice(paracticeTNG1.java:45)
	at sun.reflect.NativeMethodAccessorImpl.invoke0(Native Method)
	at sun.reflect.NativeMethodAccessorImpl.invoke(NativeMethodAccessorImpl.java:62)
	at sun.reflect.DelegatingMethodAccessorImpl.invoke(DelegatingMethodAccessorImpl.java:43)
	at java.lang.reflect.Method.invoke(Method.java:498)
	at org.testng.internal.MethodInvocationHelper.invokeMethod(MethodInvocationHelper.java:86)
	at org.testng.internal.Invoker.invokeMethod(Invoker.java:646)
	at org.testng.internal.Invoker.invokeTestMethod(Invoker.java:823)
	at org.testng.internal.Invoker.invokeTestMethods(Invoker.java:1131)
	at org.testng.internal.TestMethodWorker.invokeTestMethods(TestMethodWorker.java:129)
	at org.testng.internal.TestMethodWorker.run(TestMethodWorker.java:112)
	at java.util.concurrent.ThreadPoolExecutor.runWorker(ThreadPoolExecutor.java:1142)
	at java.util.concurrent.ThreadPoolExecutor$Worker.run(ThreadPoolExecutor.java:617)
	at java.lang.Thread.run(Thread.java:745)
]]>
            </full-stacktrace>
          </exception> <!-- java.lang.AssertionError -->
          <reporter-output>
          </reporter-output>
        </test-method> <!-- checkIphonePrice -->
        <test-method status="PASS" signature="tearDown()[pri:0, instance:testngrecap.paracticeTNG1@29ee9faa]" name="tearDown" is-config="true" duration-ms="6483" started-at="2021-04-02T00:34:38Z" finished-at="2021-04-02T00:34:45Z">
          <reporter-output>
          </reporter-output>
        </test-method> <!-- tearDown -->
      </class> <!-- testngrecap.paracticeTNG1 -->
    </test> <!-- Test -->
  </suite> <!-- Suite -->
</testng-results>
